Arguments: 
  /home/lorena/.nvm/versions/node/v14.5.0/bin/node /home/lorena/.nvm/versions/node/v14.5.0/bin/yarn init

PATH: 
  /home/lorena/.cargo/bin:/home/lorena/.local/share/umake/bin:/home/lorena/.nvm/versions/node/v14.5.0/bin:/home/lorena/.cargo/bin:/home/lorena/.local/share/umake/bin:/usr/local/sbin:/usr/local/bin:/usr/sbin:/usr/bin:/sbin:/bin:/usr/games:/usr/local/games:/snap/bin

Yarn version: 
  1.22.4

Node version: 
  14.5.0

Platform: 
  linux x64

Trace: 
  Error: canceled
      at Interface.<anonymous> (/home/lorena/.nvm/versions/node/v14.5.0/lib/node_modules/yarn/lib/cli.js:137008:13)
      at Interface.emit (events.js:314:20)
      at Interface._ttyWrite (readline.js:875:16)
      at ReadStream.onkeypress (readline.js:213:10)
      at ReadStream.emit (events.js:314:20)
      at emitKeys (internal/readline/utils.js:335:14)
      at emitKeys.next (<anonymous>)
      at ReadStream.onData (readline.js:1144:36)
      at ReadStream.emit (events.js:314:20)
      at addChunk (_stream_readable.js:304:12)

npm manifest: 
  No manifest

yarn manifest: 
  No manifest

Lockfile: 
  No lockfile
